Using pre-set license
Built from '2020.3/staging' branch; Version is '2020.3.26f1 (7298b473bc1a) revision 7510196'; Using compiler version '192528614'; Build Type 'Release'
OS: 'Windows 10  (10.0.19043) 64bit Core' Language: 'en' Physical Memory: 16310 MB
BatchMode: 1, IsHumanControllingUs: 0, StartBugReporterOnCrash: 0, Is64bit: 1, IsPro: 0

COMMAND LINE ARGUMENTS:
Y:\Unity\2020.3.26f1\Editor\Unity.exe
-adb2
-batchMode
-noUpm
-name
AssetImportWorker0
-projectPath
C:/Users/Ardon/OneDrive/Desktop/CEN4090L/CEN4090L-project-main/Aurelia
-logFile
Logs/AssetImportWorker0.log
-srvPort
63749
Successfully changed project path to: C:/Users/Ardon/OneDrive/Desktop/CEN4090L/CEN4090L-project-main/Aurelia
C:/Users/Ardon/OneDrive/Desktop/CEN4090L/CEN4090L-project-main/Aurelia
Using Asset Import Pipeline V2.
Refreshing native plugins compatible for Editor in 72.17 ms, found 3 plugins.
Preloading 0 native plugins for Editor in 0.00 ms.
Initialize engine version: 2020.3.26f1 (7298b473bc1a)
[Subsystems] Discovering subsystems at path Y:/Unity/2020.3.26f1/Editor/Data/Resources/UnitySubsystems
[Subsystems] Discovering subsystems at path C:/Users/Ardon/OneDrive/Desktop/CEN4090L/CEN4090L-project-main/Aurelia/Assets
GfxDevice: creating device client; threaded=0
Direct3D:
    Version:  Direct3D 11.0 [level 11.1]
    Renderer: AMD Radeon RX 6600 XT (ID=0x73ff)
    Vendor:   
    VRAM:     8147 MB
    Driver:   30.0.14023.7007
Initialize mono
Mono path[0] = 'Y:/Unity/2020.3.26f1/Editor/Data/Managed'
Mono path[1] = 'Y:/Unity/2020.3.26f1/Editor/Data/MonoBleedingEdge/lib/mono/unityjit'
Mono config path = 'Y:/Unity/2020.3.26f1/Editor/Data/MonoBleedingEdge/etc'
Using monoOptions --debugger-agent=transport=dt_socket,embedding=1,server=y,suspend=n,address=127.0.0.1:56220
Begin MonoManager ReloadAssembly
Registering precompiled unity dll's ...
Register platform support module: Y:/Unity/2020.3.26f1/Editor/Data/PlaybackEngines/WebGLSupport/UnityEditor.WebGL.Extensions.dll
Register platform support module: Y:/Unity/2020.3.26f1/Editor/Data/PlaybackEngines/WindowsStandaloneSupport/UnityEditor.WindowsStandalone.Extensions.dll
Registered in 0.001723 seconds.
Native extension for WindowsStandalone target not found
Native extension for WebGL target not found
Refreshing native plugins compatible for Editor in 63.19 ms, found 3 plugins.
Preloading 0 native plugins for Editor in 0.00 ms.
Mono: successfully reloaded assembly
- Completed reload, in  0.703 seconds
Domain Reload Profiling:
	ReloadAssembly (703ms)
		BeginReloadAssembly (79ms)
			ExecutionOrderSort (0ms)
			DisableScriptedObjects (0ms)
			BackupInstance (0ms)
			ReleaseScriptingObjects (0ms)
			CreateAndSetChildDomain (1ms)
		EndReloadAssembly (542ms)
			LoadAssemblies (79ms)
			RebuildTransferFunctionScriptingTraits (0ms)
			SetupTypeCache (189ms)
			ReleaseScriptCaches (0ms)
			RebuildScriptCaches (34ms)
			SetupLoadedEditorAssemblies (209ms)
				LogAssemblyErrors (0ms)
				InitializePlatformSupportModulesInManaged (6ms)
				SetLoadedEditorAssemblies (0ms)
				RefreshPlugins (63ms)
				BeforeProcessingInitializeOnLoad (9ms)
				ProcessInitializeOnLoadAttributes (98ms)
				ProcessInitializeOnLoadMethodAttributes (32ms)
				AfterProcessingInitializeOnLoad (0ms)
				EditorAssembliesLoaded (0ms)
			ExecutionOrderSort2 (0ms)
			AwakeInstancesAfterBackupRestoration (0ms)
Platform modules already initialized, skipping
Registering precompiled user dll's ...
Registered in 0.006705 seconds.
Begin MonoManager ReloadAssembly
Native extension for WindowsStandalone target not found
Native extension for WebGL target not found
Refreshing native plugins compatible for Editor in 63.22 ms, found 3 plugins.
Preloading 0 native plugins for Editor in 0.00 ms.
Mono: successfully reloaded assembly
- Completed reload, in  1.400 seconds
Domain Reload Profiling:
	ReloadAssembly (1401ms)
		BeginReloadAssembly (182ms)
			ExecutionOrderSort (0ms)
			DisableScriptedObjects (6ms)
			BackupInstance (0ms)
			ReleaseScriptingObjects (0ms)
			CreateAndSetChildDomain (22ms)
		EndReloadAssembly (1151ms)
			LoadAssemblies (125ms)
			RebuildTransferFunctionScriptingTraits (0ms)
			SetupTypeCache (377ms)
			ReleaseScriptCaches (1ms)
			RebuildScriptCaches (58ms)
			SetupLoadedEditorAssemblies (462ms)
				LogAssemblyErrors (0ms)
				InitializePlatformSupportModulesInManaged (5ms)
				SetLoadedEditorAssemblies (0ms)
				RefreshPlugins (63ms)
				BeforeProcessingInitializeOnLoad (83ms)
				ProcessInitializeOnLoadAttributes (288ms)
				ProcessInitializeOnLoadMethodAttributes (20ms)
				AfterProcessingInitializeOnLoad (3ms)
				EditorAssembliesLoaded (0ms)
			ExecutionOrderSort2 (0ms)
			AwakeInstancesAfterBackupRestoration (8ms)
Platform modules already initialized, skipping
========================================================================
Worker process is ready to serve import requests
Launched and connected shader compiler UnityShaderCompiler.exe after 0.06 seconds
Refreshing native plugins compatible for Editor in 0.58 ms, found 3 plugins.
Preloading 0 native plugins for Editor in 0.00 ms.
Unloading 2594 Unused Serialized files (Serialized files now loaded: 0)
System memory in use before: 112.4 MB.
System memory in use after: 112.5 MB.

Unloading 31 unused Assets to reduce memory usage. Loaded Objects now: 3028.
Total: 3.982200 ms (FindLiveObjects: 0.213600 ms CreateObjectMapping: 0.070400 ms MarkObjects: 3.618500 ms  DeleteObjects: 0.078300 ms)

AssetImportParameters requested are different than current active one (requested -> active):
  custom:framework-win-MediaFoundation: 216162199b28c13a410421893ffa2e32 -> 
  custom:video-decoder-ogg-theora: a1e56fd34408186e4bbccfd4996cb3dc -> 
  custom:container-muxer-webm: aa71ff27fc2769a1b78a27578f13a17b -> 
  custom:container-demuxer-webm: 4f35f7cbe854078d1ac9338744f61a02 -> 
  custom:container-demuxer-ogg: 62fdf1f143b41e24485cea50d1cbac27 -> 
  custom:video-encoder-webm-vp8: eb34c28f22e8b96e1ab97ce403110664 -> 
  custom:video-decoder-webm-vp8: 9c59270c3fd7afecdb556c50c9e8de78 -> 
  custom:audio-decoder-ogg-vorbis: bf7c407c2cedff20999df2af8eb42d56 -> 
  custom:audio-encoder-webm-vorbis: bf7c407c2cedff20999df2af8eb42d56 -> 
========================================================================
Received Import Request.
  path: Assets/Scenes/Level0.unity
  artifactKey: Guid(ffb358d845c57614ab6432ef07bc94ca) Importer(815301076,1909f56bfc062723c751e8b465ee728b)
Start importing Assets/Scenes/Level0.unity using Guid(ffb358d845c57614ab6432ef07bc94ca) Importer(815301076,1909f56bfc062723c751e8b465ee728b)  -> (artifact id: '1a98b356e478f7f51400350b6b7039e4') in 0.023707 seconds 
  Import took 0.027416 seconds .

========================================================================
Received Import Request.
  Time since last request: 190.551258 seconds.
  path: Assets/Scenes/Level1.unity
  artifactKey: Guid(4eba1abc657e98f4fbcebd2259a2edf2) Importer(815301076,1909f56bfc062723c751e8b465ee728b)
Start importing Assets/Scenes/Level1.unity using Guid(4eba1abc657e98f4fbcebd2259a2edf2) Importer(815301076,1909f56bfc062723c751e8b465ee728b)  -> (artifact id: '586d819db982022505d29511703ea3b0') in 0.009309 seconds 
  Import took 0.013279 seconds .

========================================================================
Received Import Request.
  Time since last request: 21.979175 seconds.
  path: Assets/Scripts/Interaction
  artifactKey: Guid(0c3e4b5f13b6dbc44a1b6de30a0a27fe) Importer(815301076,1909f56bfc062723c751e8b465ee728b)
Start importing Assets/Scripts/Interaction using Guid(0c3e4b5f13b6dbc44a1b6de30a0a27fe) Importer(815301076,1909f56bfc062723c751e8b465ee728b)  -> (artifact id: 'a84366f858caf3f0fe46ed27d5382f06') in 0.009027 seconds 
  Import took 0.012590 seconds .

========================================================================
Received Import Request.
  Time since last request: 2.381376 seconds.
  path: Assets/Scripts/Camera
  artifactKey: Guid(9e99de21cedf2cb4097e65418eb23f35) Importer(815301076,1909f56bfc062723c751e8b465ee728b)
Start importing Assets/Scripts/Camera using Guid(9e99de21cedf2cb4097e65418eb23f35) Importer(815301076,1909f56bfc062723c751e8b465ee728b)  -> (artifact id: '71bbcc0bde85bc96a67621d1ef0b77c8') in 0.009429 seconds 
  Import took 0.013027 seconds .

========================================================================
Received Import Request.
  Time since last request: 0.590346 seconds.
  path: Assets/Scripts/Core
  artifactKey: Guid(9710fd6d9c9a867428838a570aea147c) Importer(815301076,1909f56bfc062723c751e8b465ee728b)
Start importing Assets/Scripts/Core using Guid(9710fd6d9c9a867428838a570aea147c) Importer(815301076,1909f56bfc062723c751e8b465ee728b)  -> (artifact id: '6dc2caf1c467ac02aaf74102fabe4588') in 0.009548 seconds 
  Import took 0.013250 seconds .

========================================================================
Received Import Request.
  Time since last request: 0.060756 seconds.
  path: Assets/Scripts/Core/PlayerControls.inputactions
  artifactKey: Guid(4fc99264d6aa2ed42b598c49cbaf191e) Importer(815301076,1909f56bfc062723c751e8b465ee728b)
Start importing Assets/Scripts/Core/PlayerControls.inputactions using Guid(4fc99264d6aa2ed42b598c49cbaf191e) Importer(815301076,1909f56bfc062723c751e8b465ee728b)  -> (artifact id: 'a97cbc34d39e6bead7fede9722358ed8') in 0.037281 seconds 
  Import took 0.041374 seconds .

========================================================================
Received Import Request.
  Time since last request: 5.960726 seconds.
  path: Assets/Scripts/Core/DeathAnimation.cs
  artifactKey: Guid(f0223ebf39b3aa641bf94f48abb1f307) Importer(815301076,1909f56bfc062723c751e8b465ee728b)
Start importing Assets/Scripts/Core/DeathAnimation.cs using Guid(f0223ebf39b3aa641bf94f48abb1f307) Importer(815301076,1909f56bfc062723c751e8b465ee728b)  -> (artifact id: 'd42a1a88e8cf9313e9b4773d985a00fd') in 0.012928 seconds 
  Import took 0.016860 seconds .

========================================================================
Received Import Request.
  Time since last request: 14.953740 seconds.
  path: Assets/Scripts/Core/PlayerControls.cs
  artifactKey: Guid(6c87394d0bd14194b990764b31d15035) Importer(815301076,1909f56bfc062723c751e8b465ee728b)
Start importing Assets/Scripts/Core/PlayerControls.cs using Guid(6c87394d0bd14194b990764b31d15035) Importer(815301076,1909f56bfc062723c751e8b465ee728b)  -> (artifact id: '3ff30a68e27d8242c0cfb58f3c19a543') in 0.002305 seconds 
  Import took 0.005845 seconds .

========================================================================
Received Import Request.
  Time since last request: 1.023512 seconds.
  path: Assets/Scripts/Core/Player.cs
  artifactKey: Guid(b7bc65d0ed6136a4ea53c932cd63d59a) Importer(815301076,1909f56bfc062723c751e8b465ee728b)
Start importing Assets/Scripts/Core/Player.cs using Guid(b7bc65d0ed6136a4ea53c932cd63d59a) Importer(815301076,1909f56bfc062723c751e8b465ee728b)  -> (artifact id: '6d2357c8276f75ef0223b5fa3711542b') in 0.006665 seconds 
  Import took 0.010567 seconds .

========================================================================
Received Import Request.
  Time since last request: 43.155252 seconds.
  path: Assets/Scenes/SampleScene.unity
  artifactKey: Guid(2cda990e2423bbf4892e6590ba056729) Importer(815301076,1909f56bfc062723c751e8b465ee728b)
Start importing Assets/Scenes/SampleScene.unity using Guid(2cda990e2423bbf4892e6590ba056729) Importer(815301076,1909f56bfc062723c751e8b465ee728b)  -> (artifact id: 'd05889ed4926e475952ca124629c6381') in 0.006744 seconds 
  Import took 0.010403 seconds .

========================================================================
Received Import Request.
  Time since last request: 44.067720 seconds.
  path: Assets/Prefabs/Button.prefab
  artifactKey: Guid(e6587ef56489c51408b38fddc4ebb61a) Importer(815301076,1909f56bfc062723c751e8b465ee728b)
Start importing Assets/Prefabs/Button.prefab using Guid(e6587ef56489c51408b38fddc4ebb61a) Importer(815301076,1909f56bfc062723c751e8b465ee728b)  -> (artifact id: 'f2c105d7005fc04803b047b669ce841b') in 0.088691 seconds 
  Import took 0.092542 seconds .

========================================================================
Received Import Request.
  Time since last request: 0.000180 seconds.
  path: Assets/Prefabs/LevelLoader.prefab
  artifactKey: Guid(42ffb595c2559d64782052c8beb594d4) Importer(815301076,1909f56bfc062723c751e8b465ee728b)
Start importing Assets/Prefabs/LevelLoader.prefab using Guid(42ffb595c2559d64782052c8beb594d4) Importer(815301076,1909f56bfc062723c751e8b465ee728b)  -> (artifact id: '7f6e5d59c5f887b09c398e139671de3d') in 0.014261 seconds 
  Import took 0.017817 seconds .

AssetImportWorkerClient::OnTransportError - code=2 error=End of file
